11/30/2015 17:19:33, We're on the Index page for Activities, -- 
11/30/2015 17:19:33, An error has occurred, --    at TalmerMaint.WebUI.Controllers.HomeController.Index() in C:\SourceControl_Git\TalmerMaint\TalmerMaint.WebUI\Controllers\HomeController.cs:line 27
11/30/2015 21:49:49, We're on the Index page for Activities, -- 
11/30/2015 21:49:49, An error has occurred, --    at TalmerMaint.WebUI.Controllers.HomeController.Index() in C:\SourceControl_Git\TalmerMaint\TalmerMaint.WebUI\Controllers\HomeController.cs:line 27
11/30/2015 21:52:33, We're on the Index page for Activities, -- 
11/30/2015 21:52:33, An error has occurred, --    at TalmerMaint.WebUI.Controllers.HomeController.Index() in C:\SourceControl_Git\TalmerMaint\TalmerMaint.WebUI\Controllers\HomeController.cs:line 27
11/30/2015 21:54:24, We're on the Index page for Activities, -- 
11/30/2015 21:54:24, An error has occurred, --    at TalmerMaint.WebUI.Controllers.HomeController.Index() in C:\SourceControl_Git\TalmerMaint\TalmerMaint.WebUI\Controllers\HomeController.cs:line 27
11/30/2015 21:54:39, We're on the Index page for Activities, -- 
11/30/2015 21:54:39, An error has occurred, --    at TalmerMaint.WebUI.Controllers.HomeController.Index() in C:\SourceControl_Git\TalmerMaint\TalmerMaint.WebUI\Controllers\HomeController.cs:line 27
11/30/2015 21:56:18, We're on the Index page for Activities, -- 
11/30/2015 21:56:19, An error has occurred, --    at TalmerMaint.WebUI.Controllers.HomeController.Index() in C:\SourceControl_Git\TalmerMaint\TalmerMaint.WebUI\Controllers\HomeController.cs:line 27
11/30/2015 22:33:25, We're on the Index page for Activities, -- 
11/30/2015 22:33:25, An error has occurred, --    at TalmerMaint.WebUI.Controllers.HomeController.Index() in C:\SourceControl_Git\TalmerMaint\TalmerMaint.WebUI\Controllers\HomeController.cs:line 27
11/30/2015 23:22:30, We're on the Index page for Activities, -- 
11/30/2015 23:22:30, An error has occurred, --    at TalmerMaint.WebUI.Controllers.HomeController.Index() in C:\SourceControl_Git\TalmerMaint\TalmerMaint.WebUI\Controllers\HomeController.cs:line 27
11/30/2015 23:24:39, We're on the Index page for Activities, -- 
11/30/2015 23:24:39, An error has occurred, --    at TalmerMaint.WebUI.Controllers.HomeController.Index() in C:\SourceControl_Git\TalmerMaint\TalmerMaint.WebUI\Controllers\HomeController.cs:line 27
11/30/2015 23:27:07, We're on the Index page for Activities, -- 
11/30/2015 23:27:07, An error has occurred, --    at TalmerMaint.WebUI.Controllers.HomeController.Index() in C:\SourceControl_Git\TalmerMaint\TalmerMaint.WebUI\Controllers\HomeController.cs:line 27
11/30/2015 23:28:38, We're on the Index page for Activities, -- 
11/30/2015 23:28:38, An error has occurred, --    at TalmerMaint.WebUI.Controllers.HomeController.Index() in C:\SourceControl_Git\TalmerMaint\TalmerMaint.WebUI\Controllers\HomeController.cs:line 27
11/30/2015 23:30:45, We're on the Index page for Activities, -- 
11/30/2015 23:30:45, An error has occurred, --    at TalmerMaint.WebUI.Controllers.HomeController.Index() in C:\SourceControl_Git\TalmerMaint\TalmerMaint.WebUI\Controllers\HomeController.cs:line 27
11/30/2015 23:30:49, We're on the Index page for Activities, -- 
11/30/2015 23:30:49, An error has occurred, --    at TalmerMaint.WebUI.Controllers.HomeController.Index() in C:\SourceControl_Git\TalmerMaint\TalmerMaint.WebUI\Controllers\HomeController.cs:line 27
11/30/2015 23:30:59, We're on the Index page for Activities, -- 
11/30/2015 23:30:59, An error has occurred, --    at TalmerMaint.WebUI.Controllers.HomeController.Index() in C:\SourceControl_Git\TalmerMaint\TalmerMaint.WebUI\Controllers\HomeController.cs:line 27
11/30/2015 23:31:39, We're on the Index page for Activities, -- 
11/30/2015 23:31:39, An error has occurred, --    at TalmerMaint.WebUI.Controllers.HomeController.Index() in C:\SourceControl_Git\TalmerMaint\TalmerMaint.WebUI\Controllers\HomeController.cs:line 27
11/30/2015 23:33:08, We're on the Index page for Activities, -- 
11/30/2015 23:33:08, An error has occurred, --    at TalmerMaint.WebUI.Controllers.HomeController.Index() in C:\SourceControl_Git\TalmerMaint\TalmerMaint.WebUI\Controllers\HomeController.cs:line 27
12/01/2015 01:10:27, We're on the Index page for Activities, -- 
12/01/2015 01:10:27, An error has occurred, --    at TalmerMaint.WebUI.Controllers.HomeController.Index() in C:\SourceControl_Git\TalmerMaint\TalmerMaint.WebUI\Controllers\HomeController.cs:line 27
12/01/2015 01:11:01, We're on the Index page for Activities, -- 
12/01/2015 01:11:01, An error has occurred, --    at TalmerMaint.WebUI.Controllers.HomeController.Index() in C:\SourceControl_Git\TalmerMaint\TalmerMaint.WebUI\Controllers\HomeController.cs:line 27
12/01/2015 01:11:15, We're on the Index page for Activities, -- 
12/01/2015 01:11:15, An error has occurred, --    at TalmerMaint.WebUI.Controllers.HomeController.Index() in C:\SourceControl_Git\TalmerMaint\TalmerMaint.WebUI\Controllers\HomeController.cs:line 27
12/01/2015 01:59:21, We're on the Index page for Activities, -- 
12/01/2015 01:59:21, An error has occurred, --    at TalmerMaint.WebUI.Controllers.HomeController.Index() in C:\SourceControl_Git\TalmerMaint\TalmerMaint.WebUI\Controllers\HomeController.cs:line 27
12/01/2015 01:59:47, We're on the Index page for Activities, -- 
12/01/2015 01:59:47, An error has occurred, --    at TalmerMaint.WebUI.Controllers.HomeController.Index() in C:\SourceControl_Git\TalmerMaint\TalmerMaint.WebUI\Controllers\HomeController.cs:line 27
12/01/2015 15:01:27, We're on the Index page for Activities, -- 
12/01/2015 15:01:27, An error has occurred, --    at TalmerMaint.WebUI.Controllers.HomeController.Index() in C:\SourceControl_Git\TalmerMaint\TalmerMaint.WebUI\Controllers\HomeController.cs:line 27
12/01/2015 15:05:57, We're on the Index page for Activities, -- 
12/01/2015 15:05:57, An error has occurred, --    at TalmerMaint.WebUI.Controllers.HomeController.Index() in C:\SourceControl_Git\TalmerMaint\TalmerMaint.WebUI\Controllers\HomeController.cs:line 27
12/01/2015 15:09:03, We're on the Index page for Activities, -- 
12/01/2015 15:09:03, An error has occurred, --    at TalmerMaint.WebUI.Controllers.HomeController.Index() in C:\SourceControl_Git\TalmerMaint\TalmerMaint.WebUI\Controllers\HomeController.cs:line 27
12/01/2015 15:32:13, We're on the Index page for Activities, -- 
12/01/2015 15:32:13, An error has occurred, --    at TalmerMaint.WebUI.Controllers.HomeController.Index() in C:\SourceControl_Git\TalmerMaint\TalmerMaint.WebUI\Controllers\HomeController.cs:line 27
12/01/2015 15:33:26, We're on the Index page for Activities, -- 
12/01/2015 15:33:26, An error has occurred, --    at TalmerMaint.WebUI.Controllers.HomeController.Index() in C:\SourceControl_Git\TalmerMaint\TalmerMaint.WebUI\Controllers\HomeController.cs:line 27
12/01/2015 15:35:27, We're on the Index page for Activities, -- 
12/01/2015 15:35:27, An error has occurred, --    at TalmerMaint.WebUI.Controllers.HomeController.Index() in C:\SourceControl_Git\TalmerMaint\TalmerMaint.WebUI\Controllers\HomeController.cs:line 27
12/01/2015 22:28:47, Action: Edit, User: ehaltom, -- 
12/01/2015 22:41:10, Action: Edit, Controller: Locations, Id 1, User: ehaltom, -- 
12/01/2015 22:50:40, Action: Edit, Controller: Locations, Id 91, User: ehaltom<br />, -- 
12/01/2015 23:14:16, Action: Delete, Controller: Locations, Id 91, User: ehaltom, -- 
12/01/2015 23:51:17, Action: Edit, Controller: Locations, Id 1, User: ehaltom, -- 
12/01/2015 23:52:06, <strong>Action</strong>: Edit, <strong>Controller</strong>: Locations, <strong>Id</strong>: 1, <strong>User</strong>: ehaltom - Image was updated, -- 
12/04/2015 22:09:55, There has been a validation error, this record has not been saved, -- 
12/04/2015 22:13:32, There has been a validation error, this record has not been saved, -- 
